<?xml version="1.0" encoding="UTF-8"?>
<!-- Generated by org.testng.reporters.JUnitReportReporter -->
<testsuite hostname="TXCHD-PC-037" failures="0" tests="3" name="Test.Runner" time="67.606" errors="0" timestamp="2025-06-12T11:57:41 IST" skipped="0">
  <testcase classname="Test.Runner" name="runScenario" time="21.071"/>
  <testcase classname="Test.Runner" name="runScenario" time="35.786"/>
  <testcase classname="Test.Runner" name="runScenario" time="10.749"/>
</testsuite> <!-- Test.Runner -->
